<?xml version="1.0" encoding="UTF-8"?>
<robot generator="Robot 3.1.2 (Python 3.6.8 on win32)" generated="20191009 16:12:09.001" rpa="false">
<suite id="s1" name="First" source="C:\Users\chenyur\Documents\Lynda\github\PythonExercise\RobotPractice\tests\first.robot">
<test id="s1-t1" name="User must sign in to check out">
<kw name="Open Browser" library="SeleniumLibrary">
<doc>Opens a new browser instance to the given ``url``.</doc>
<arguments>
<arg>https://10.10.124.8/#/job/show/overview/r/rest/vtc/jobs/1</arg>
<arg>chrome</arg>
</arguments>
<msg timestamp="20191009 16:12:10.208" level="INFO">Opening browser 'chrome' to base url 'https://10.10.124.8/#/job/show/overview/r/rest/vtc/jobs/1'.</msg>
<status status="PASS" starttime="20191009 16:12:10.207" endtime="20191009 16:12:18.597"></status>
</kw>
<kw name="Wait Until Page Contains Element" library="SeleniumLibrary">
<doc>Waits until element ``locator`` appears on current page.</doc>
<arguments>
<arg>xpath=//*[@id="hp-login-user"]</arg>
</arguments>
<status status="PASS" starttime="20191009 16:12:18.601" endtime="20191009 16:12:19.559"></status>
</kw>
<kw name="Input Text" library="SeleniumLibrary">
<doc>Types the given ``text`` into text field identified by ``locator``.</doc>
<arguments>
<arg>xpath=//*[@id="hp-login-user"]</arg>
<arg>Administrator</arg>
</arguments>
<msg timestamp="20191009 16:12:19.561" level="INFO">Typing text 'Administrator' into text field 'xpath=//*[@id="hp-login-user"]'.</msg>
<status status="PASS" starttime="20191009 16:12:19.561" endtime="20191009 16:12:19.916"></status>
</kw>
<kw name="Input Text" library="SeleniumLibrary">
<doc>Types the given ``text`` into text field identified by ``locator``.</doc>
<arguments>
<arg>xpath=//*[@id="hp-login-password"]</arg>
<arg>Compaq123</arg>
</arguments>
<msg timestamp="20191009 16:12:19.918" level="INFO">Typing text 'Compaq123' into text field 'xpath=//*[@id="hp-login-password"]'.</msg>
<status status="PASS" starttime="20191009 16:12:19.917" endtime="20191009 16:12:20.221"></status>
</kw>
<doc>This is some bais info about the test</doc>
<tags>
<tag>Smoke</tag>
</tags>
<status status="PASS" starttime="20191009 16:12:10.204" endtime="20191009 16:12:20.225" critical="yes"></status>
</test>
<test id="s1-t2" name="User need to add Repository">
<kw name="Click Button" library="SeleniumLibrary">
<doc>Clicks button identified by ``locator``.</doc>
<arguments>
<arg>xpath=//*[@id="hp-login-button"]</arg>
</arguments>
<msg timestamp="20191009 16:12:20.233" level="INFO">Clicking button 'xpath=//*[@id="hp-login-button"]'.</msg>
<status status="PASS" starttime="20191009 16:12:20.232" endtime="20191009 16:12:20.485"></status>
</kw>
<kw name="Wait Until Page Contains Element" library="SeleniumLibrary">
<doc>Waits until element ``locator`` appears on current page.</doc>
<arguments>
<arg>xpath=//*[@id="hp-main-menu"]</arg>
</arguments>
<status status="PASS" starttime="20191009 16:12:20.487" endtime="20191009 16:12:20.529"></status>
</kw>
<status status="PASS" starttime="20191009 16:12:20.230" endtime="20191009 16:12:20.530" critical="yes"></status>
</test>
<doc>This is some basic info about the whole suite</doc>
<status status="PASS" starttime="20191009 16:12:09.020" endtime="20191009 16:12:20.531"></status>
</suite>
<statistics>
<total>
<stat pass="2" fail="0">Critical Tests</stat>
<stat pass="2" fail="0">All Tests</stat>
</total>
<tag>
<stat pass="1" fail="0">Smoke</stat>
</tag>
<suite>
<stat pass="2" fail="0" id="s1" name="First">First</stat>
</suite>
</statistics>
<errors>
</errors>
</robot>
