<?xml version="1.0" encoding="UTF-8"?>
<robot generator="Robot 3.1.2 (Python 3.6.8 on win32)" generated="20190911 16:15:59.216" rpa="false">
<suite id="s1" name="First" source="C:\Users\chenyur\Documents\Lynda\github\PythonExercise\RobotPractice\tests\first.robot">
<test id="s1-t1" name="User must sign in to check out">
<kw name="Open Browser" library="Selenium2Library">
<doc>Opens a new browser instance to the given ``url``.</doc>
<arguments>
<arg>https://robotframework.org/</arg>
<arg>chrome</arg>
</arguments>
<msg timestamp="20190911 16:16:00.517" level="INFO">Opening browser 'chrome' to base url 'https://robotframework.org/'.</msg>
<status status="PASS" starttime="20190911 16:16:00.516" endtime="20190911 16:16:44.822"></status>
</kw>
<kw name="Close Browser" library="Selenium2Library">
<doc>Closes the current browser.</doc>
<status status="PASS" starttime="20190911 16:16:44.825" endtime="20190911 16:16:50.556"></status>
</kw>
<doc>This is some basic info about the test</doc>
<tags>
<tag>Robot</tag>
</tags>
<status status="PASS" starttime="20190911 16:16:00.514" endtime="20190911 16:16:50.560" critical="yes"></status>
</test>
<doc>This is some basic info about the whole suite</doc>
<status status="PASS" starttime="20190911 16:15:59.232" endtime="20190911 16:16:50.563"></status>
</suite>
<statistics>
<total>
<stat pass="1" fail="0">Critical Tests</stat>
<stat pass="1" fail="0">All Tests</stat>
</total>
<tag>
<stat pass="1" fail="0">Robot</stat>
</tag>
<suite>
<stat pass="1" fail="0" id="s1" name="First">First</stat>
</suite>
</statistics>
<errors>
</errors>
</robot>
